<?xml version="1.0" encoding="UTF-8" ?>
<testsuites>
  <testsuite errors="0" failures="0" hostname="PC281321418224" id="0" name="DomainHelperServiceIntegrationTests" package="org.scadajack.grails.util" tests="2" time="8.531" timestamp="2011-06-07T14:31:10">
      <properties />

      <testcase classname="org.scadajack.grails.util.DomainHelperServiceIntegrationTests" name="testExport" time="5.079" />

      <testcase classname="org.scadajack.grails.util.DomainHelperServiceIntegrationTests" name="testImport" time="3.421" />

      <system-out><![CDATA[--Output from testExport--
--Output from testImport--
]]></system-out>

      <system-err><![CDATA[--Output from testExport--
--Output from testImport--
]]></system-err>

  </testsuite>
</testsuites>
